0 info it worked if it ends with ok
1 verbose cli [ 'C:\\Program Files\\nodejs\\node.exe',
1 verbose cli   'C:\\Program Files\\nodejs\\node_modules\\npm\\bin\\npm-cli.js',
1 verbose cli   'run',
1 verbose cli   'test:single' ]
2 info using npm@3.8.6
3 info using node@v5.11.1
4 verbose run-script [ 'pretest:single', 'test:single', 'posttest:single' ]
5 info lifecycle es6-karma-jasmine-webpack-boilerplate@0.2.0~pretest:single: es6-karma-jasmine-webpack-boilerplate@0.2.0
6 silly lifecycle es6-karma-jasmine-webpack-boilerplate@0.2.0~pretest:single: no script for pretest:single, continuing
7 info lifecycle es6-karma-jasmine-webpack-boilerplate@0.2.0~test:single: es6-karma-jasmine-webpack-boilerplate@0.2.0
8 verbose lifecycle es6-karma-jasmine-webpack-boilerplate@0.2.0~test:single: unsafe-perm in lifecycle true
9 verbose lifecycle es6-karma-jasmine-webpack-boilerplate@0.2.0~test:single: PATH: C:\Program Files\nodejs\node_modules\npm\bin\node-gyp-bin;C:\Users\Неумеюсапать\Desktop\es6-karma-jasmine-webpack-boilerplate-master\node_modules\.bin;C:\Program Files\nodejs;C:\Users\Неумеюсапать\bin;C:\Program Files\Git\mingw64\bin;C:\Program Files\Git\usr\local\bin;C:\Program Files\Git\usr\bin;C:\Program Files\Git\usr\bin;C:\Program Files\Git\mingw64\bin;C:\Program Files\Git\usr\bin;C:\Users\Неумеюсапать\bin;C:\Program Files (x86)\NVIDIA Corporation\PhysX\Common;C:\Windows\system32;C:\Windows;C:\Windows\System32\Wbem;C:\Windows\System32\WindowsPowerShell\v1.0;C:\Program Files (x86)\Skype\Phone;C:\Program Files\Git\cmd;C:\Program Files (x86)\Brackets\command;C:\Program Files\Microsoft\Web Platform Installer;C:\Program Files (x86)\Microsoft ASP.NET\ASP.NET Web Pages\v1.0;C:\Program Files (x86)\Windows Kits\8.0\Windows Performance Toolkit;C:\Program Files\Microsoft SQL Server\110\Tools\Binn;C:\Program Files\nodejs;C:\Users\Неумеюсапать\AppData\Roaming\npm;C:\Program Files\Git\usr\bin\vendor_perl;C:\Program Files\Git\usr\bin\core_perl
10 verbose lifecycle es6-karma-jasmine-webpack-boilerplate@0.2.0~test:single: CWD: C:\Users\Неумеюсапать\Desktop\es6-karma-jasmine-webpack-boilerplate-master
11 silly lifecycle es6-karma-jasmine-webpack-boilerplate@0.2.0~test:single: Args: [ '/d /s /c',
11 silly lifecycle   'rm -rf coverage/ && karma start karma.config.js --single-run --browsers PhantomJS' ]
12 silly lifecycle es6-karma-jasmine-webpack-boilerplate@0.2.0~test:single: Returned: code: 1  signal: null
13 info lifecycle es6-karma-jasmine-webpack-boilerplate@0.2.0~test:single: Failed to exec test:single script
14 verbose stack Error: es6-karma-jasmine-webpack-boilerplate@0.2.0 test:single: `rm -rf coverage/ && karma start karma.config.js --single-run --browsers PhantomJS`
14 verbose stack Exit status 1
14 verbose stack     at EventEmitter.<anonymous> (C:\Program Files\nodejs\node_modules\npm\lib\utils\lifecycle.js:239:16)
14 verbose stack     at emitTwo (events.js:100:13)
14 verbose stack     at EventEmitter.emit (events.js:185:7)
14 verbose stack     at ChildProcess.<anonymous> (C:\Program Files\nodejs\node_modules\npm\lib\utils\spawn.js:24:14)
14 verbose stack     at emitTwo (events.js:100:13)
14 verbose stack     at ChildProcess.emit (events.js:185:7)
14 verbose stack     at maybeClose (internal/child_process.js:850:16)
14 verbose stack     at Process.ChildProcess._handle.onexit (internal/child_process.js:215:5)
15 verbose pkgid es6-karma-jasmine-webpack-boilerplate@0.2.0
16 verbose cwd C:\Users\Неумеюсапать\Desktop\es6-karma-jasmine-webpack-boilerplate-master
17 error Windows_NT 6.1.7601
18 error argv "C:\\Program Files\\nodejs\\node.exe" "C:\\Program Files\\nodejs\\node_modules\\npm\\bin\\npm-cli.js" "run" "test:single"
19 error node v5.11.1
20 error npm  v3.8.6
21 error code ELIFECYCLE
22 error es6-karma-jasmine-webpack-boilerplate@0.2.0 test:single: `rm -rf coverage/ && karma start karma.config.js --single-run --browsers PhantomJS`
22 error Exit status 1
23 error Failed at the es6-karma-jasmine-webpack-boilerplate@0.2.0 test:single script 'rm -rf coverage/ && karma start karma.config.js --single-run --browsers PhantomJS'.
23 error Make sure you have the latest version of node.js and npm installed.
23 error If you do, this is most likely a problem with the es6-karma-jasmine-webpack-boilerplate package,
23 error not with npm itself.
23 error Tell the author that this fails on your system:
23 error     rm -rf coverage/ && karma start karma.config.js --single-run --browsers PhantomJS
23 error You can get information on how to open an issue for this project with:
23 error     npm bugs es6-karma-jasmine-webpack-boilerplate
23 error Or if that isn't available, you can get their info via:
23 error     npm owner ls es6-karma-jasmine-webpack-boilerplate
23 error There is likely additional logging output above.
24 verbose exit [ 1, true ]
